<?xml version="1.0" encoding="utf-8"?>
<TestRun id="e44ea867-da6e-4c24-b35b-61e822765073" name="done_@MSI 2026-06-10 06:22:48" runUser="MSI\done_" xmlns="http://microsoft.com/schemas/VisualStudio/TeamTest/2010">
  <Times creation="2026-06-10T06:22:48.6393611-07:00" queuing="2026-06-10T06:22:48.6393612-07:00" start="2026-06-10T06:22:47.4277942-07:00" finish="2026-06-10T06:22:48.6395736-07:00" />
  <TestSettings name="default" id="b1097f4a-7790-4dc0-9fad-38074074c544">
    <Deployment runDeploymentRoot="done__MSI_2026-06-10_06_22_48" />
  </TestSettings>
  <TestLists>
    <TestList name="Results Not in a List" id="8c84fa94-04c1-424b-9868-57a2d4851a1d" />
    <TestList name="All Loaded Results" id="19431567-8539-422a-85d7-44ee4e166bda" />
  </TestLists>
  <ResultSummary outcome="Failed">
    <Counters total="0" executed="0" passed="0" failed="0" error="0" timeout="0" aborted="0" inconclusive="0" passedButRunAborted="0" notRunnable="0" notExecuted="0" disconnected="0" warning="0" completed="0" inProgress="0" pending="0" />
    <Output>
      <StdOut>[xUnit.net 00:00:00.00] xUnit.net VSTest Adapter v2.8.2+699d445a1a (64-bit .NET 9.0.15)&#xD;
[xUnit.net 00:00:00.03]   Discovering: ScholarAlign.Tests&#xD;
[xUnit.net 00:00:00.05]   Discovered:  ScholarAlign.Tests&#xD;
[xUnit.net 00:00:00.05]   Starting:    ScholarAlign.Tests&#xD;
Stack overflow.&#xD;
Repeated 16029 times:&#xD;
--------------------------------&#xD;
   at ScholarAlign.Tests.Controllers.ApplicationsControllerTests.MakeController(ScholarAlign.Data.ApplicationDbContext)&#xD;
--------------------------------&#xD;
   at ScholarAlign.Tests.Controllers.ApplicationsControllerTests+&lt;AdminCreate_SetsAuditFieldsAndReturnsSummary&gt;d__5.MoveNext()&#xD;
   at System.Runtime.CompilerServices.AsyncMethodBuilderCore.Start[[System.__Canon, System.Private.CoreLib, Version=9.0.0.0, Culture=neutral, PublicKeyToken=7cec85d7bea7798e]](System.__Canon ByRef)&#xD;
   at ScholarAlign.Tests.Controllers.ApplicationsControllerTests.AdminCreate_SetsAuditFieldsAndReturnsSummary()&#xD;
   at System.RuntimeMethodHandle.InvokeMethod(System.Object, Void**, System.Signature, Boolean)&#xD;
   at System.Reflection.MethodBaseInvoker.InvokeWithNoArgs(System.Object, System.Reflection.BindingFlags)&#xD;
   at System.Reflection.RuntimeMethodInfo.Invoke(System.Object, System.Reflection.BindingFlags, System.Reflection.Binder, System.Object[], System.Globalization.CultureInfo)&#xD;
   at System.Reflection.MethodBase.Invoke(System.Object, System.Object[])&#xD;
   at Xunit.Sdk.TestInvoker`1[[System.__Canon, System.Private.CoreLib, Version=9.0.0.0, Culture=neutral, PublicKeyToken=7cec85d7bea7798e]].CallTestMethod(System.Object)&#xD;
   at Xunit.Sdk.TestInvoker`1+&lt;&gt;c__DisplayClass47_0+&lt;&lt;InvokeTestMethodAsync&gt;b__1&gt;d[[System.__Canon, System.Private.CoreLib, Version=9.0.0.0, Culture=neutral, PublicKeyToken=7cec85d7bea7798e]].MoveNext()&#xD;
   at System.Runtime.CompilerServices.AsyncMethodBuilderCore.Start[[Xunit.Sdk.TestInvoker`1+&lt;&gt;c__DisplayClass47_0+&lt;&lt;InvokeTestMethodAsync&gt;b__1&gt;d[[System.__Canon, System.Private.CoreLib, Version=9.0.0.0, Culture=neutral, PublicKeyToken=7cec85d7bea7798e]], xunit.execution.dotnet, Version=2.9.3.0, Culture=neutral, PublicKeyToken=8d05b1bb7a6fdb6c]](&lt;&lt;InvokeTestMethodAsync&gt;b__1&gt;d&lt;System.__Canon&gt; ByRef)&#xD;
   at System.Runtime.CompilerServices.AsyncTaskMethodBuilder.Start[[Xunit.Sdk.TestInvoker`1+&lt;&gt;c__DisplayClass47_0+&lt;&lt;InvokeTestMethodAsync&gt;b__1&gt;d[[System.__Canon, System.Private.CoreLib, Version=9.0.0.0, Culture=neutral, PublicKeyToken=7cec85d7bea7798e]], xunit.execution.dotnet, Version=2.9.3.0, Culture=neutral, PublicKeyToken=8d05b1bb7a6fdb6c]](&lt;&lt;InvokeTestMethodAsync&gt;b__1&gt;d&lt;System.__Canon&gt; ByRef)&#xD;
   at Xunit.Sdk.TestInvoker`1+&lt;&gt;c__DisplayClass47_0[[System.__Canon, System.Private.CoreLib, Version=9.0.0.0, Culture=neutral, PublicKeyToken=7cec85d7bea7798e]].&lt;InvokeTestMethodAsync&gt;b__1()&#xD;
   at Xunit.Sdk.ExecutionTimer+&lt;AggregateAsync&gt;d__4.MoveNext()&#xD;
   at System.Runtime.CompilerServices.AsyncMethodBuilderCore.Start[[Xunit.Sdk.ExecutionTimer+&lt;AggregateAsync&gt;d__4, xunit.execution.dotnet, Version=2.9.3.0, Culture=neutral, PublicKeyToken=8d05b1bb7a6fdb6c]](&lt;AggregateAsync&gt;d__4 ByRef)&#xD;
   at System.Runtime.CompilerServices.AsyncTaskMethodBuilder.Start[[Xunit.Sdk.ExecutionTimer+&lt;AggregateAsync&gt;d__4, xunit.execution.dotnet, Version=2.9.3.0, Culture=neutral, PublicKeyToken=8d05b1bb7a6fdb6c]](&lt;AggregateAsync&gt;d__4 ByRef)&#xD;
   at Xunit.Sdk.ExecutionTimer.AggregateAsync(System.Func`1&lt;System.Threading.Tasks.Task&gt;)&#xD;
   at Xunit.Sdk.TestInvoker`1+&lt;&gt;c__DisplayClass47_0[[System.__Canon, System.Private.CoreLib, Version=9.0.0.0, Culture=neutral, PublicKeyToken=7cec85d7bea7798e]].&lt;InvokeTestMethodAsync&gt;b__0()&#xD;
   at Xunit.Sdk.ExceptionAggregator+&lt;RunAsync&gt;d__9.MoveNext()&#xD;
   at System.Runtime.CompilerServices.AsyncMethodBuilderCore.Start[[Xunit.Sdk.ExceptionAggregator+&lt;RunAsync&gt;d__9, xunit.core, Version=2.9.3.0, Culture=neutral, PublicKeyToken=8d05b1bb7a6fdb6c]](&lt;RunAsync&gt;d__9 ByRef)&#xD;
   at System.Runtime.CompilerServices.AsyncTaskMethodBuilder.Start[[Xunit.Sdk.ExceptionAggregator+&lt;RunAsync&gt;d__9, xunit.core, Version=2.9.3.0, Culture=neutral, PublicKeyToken=8d05b1bb7a6fdb6c]](&lt;RunAsync&gt;d__9 ByRef)&#xD;
   at Xunit.Sdk.ExceptionAggregator.RunAsync(System.Func`1&lt;System.Threading.Tasks.Task&gt;)&#xD;
   at Xunit.Sdk.TestInvoker`1+&lt;InvokeTestMethodAsync&gt;d__47[[System.__Canon, System.Private.CoreLib, Version=9.0.0.0, Culture=neutral, PublicKeyToken=7cec85d7bea7798e]].MoveNext()&#xD;
   at System.Runtime.CompilerServices.AsyncMethodBuilderCore.Start[[Xunit.Sdk.TestInvoker`1+&lt;InvokeTestMethodAsync&gt;d__47[[System.__Canon, System.Private.CoreLib, Version=9.0.0.0, Culture=neutral, PublicKeyToken=7cec85d7bea7798e]], xunit.execution.dotnet, Version=2.9.3.0, Culture=neutral, PublicKeyToken=8d05b1bb7a6fdb6c]](&lt;InvokeTestMethodAsync&gt;d__47&lt;System.__Canon&gt; ByRef)&#xD;
   at System.Runtime.CompilerServices.AsyncTaskMethodBuilder`1[[System.Decimal, System.Private.CoreLib, Version=9.0.0.0, Culture=neutral, PublicKeyToken=7cec85d7bea7798e]].Start[[Xunit.Sdk.TestInvoker`1+&lt;InvokeTestMethodAsync&gt;d__47[[System.__Canon, System.Private.CoreLib, Version=9.0.0.0, Culture=neutral, PublicKeyToken=7cec85d7bea7798e]], xunit.execution.dotnet, Version=2.9.3.0, Culture=neutral, PublicKeyToken=8d05b1bb7a6fdb6c]](&lt;InvokeTestMethodAsync&gt;d__47&lt;System.__Canon&gt; ByRef)&#xD;
   at Xunit.Sdk.TestInvoker`1[[System.__Canon, System.Private.CoreLib, Version=9.0.0.0, Culture=neutral, PublicKeyToken=7cec85d7bea7798e]].InvokeTestMethodAsync(System.Object)&#xD;
   at Xunit.Sdk.XunitTestInvoker.InvokeTestMethodAsync(System.Object)&#xD;
   at Xunit.Sdk.TestInvoker`1+&lt;&lt;RunAsync&gt;b__46_0&gt;d[[System.__Canon, System.Private.CoreLib, Version=9.0.0.0, Culture=neutral, PublicKeyToken=7cec85d7bea7798e]].MoveNext()&#xD;
   at System.Runtime.CompilerServices.AsyncMethodBuilderCore.Start[[Xunit.Sdk.TestInvoker`1+&lt;&lt;RunAsync&gt;b__46_0&gt;d[[System.__Canon, System.Private.CoreLib, Version=9.0.0.0, Culture=neutral, PublicKeyToken=7cec85d7bea7798e]], xunit.execution.dotnet, Version=2.9.3.0, Culture=neutral, PublicKeyToken=8d05b1bb7a6fdb6c]](&lt;&lt;RunAsync&gt;b__46_0&gt;d&lt;System.__Canon&gt; ByRef)&#xD;
   at System.Runtime.CompilerServices.AsyncTaskMethodBuilder`1[[System.Decimal, System.Private.CoreLib, Version=9.0.0.0, Culture=neutral, PublicKeyToken=7cec85d7bea7798e]].Start[[Xunit.Sdk.TestInvoker`1+&lt;&lt;RunAsync&gt;b__46_0&gt;d[[System.__Canon, System.Private.CoreLib, Version=9.0.0.0, Culture=neutral, PublicKeyToken=7cec85d7bea7798e]], xunit.execution.dotnet, Version=2.9.3.0, Culture=neutral, PublicKeyToken=8d05b1bb7a6fdb6c]](&lt;&lt;RunAsync&gt;b__46_0&gt;d&lt;System.__Canon&gt; ByRef)&#xD;
   at Xunit.Sdk.TestInvoker`1[[System.__Canon, System.Private.CoreLib, Version=9.0.0.0, Culture=neutral, PublicKeyToken=7cec85d7bea7798e]].&lt;RunAsync&gt;b__46_0()&#xD;
   at Xunit.Sdk.ExceptionAggregator+&lt;RunAsync&gt;d__10`1[[System.Decimal, System.Private.CoreLib, Version=9.0.0.0, Culture=neutral, PublicKeyToken=7cec85d7bea7798e]].MoveNext()&#xD;
   at System.Runtime.CompilerServices.AsyncMethodBuilderCore.Start[[Xunit.Sdk.ExceptionAggregator+&lt;RunAsync&gt;d__10`1[[System.Decimal, System.Private.CoreLib, Version=9.0.0.0, Culture=neutral, PublicKeyToken=7cec85d7bea7798e]], xunit.core, Version=2.9.3.0, Culture=neutral, PublicKeyToken=8d05b1bb7a6fdb6c]](&lt;RunAsync&gt;d__10`1&lt;System.Decimal&gt; ByRef)&#xD;
   at System.Runtime.CompilerServices.AsyncTaskMethodBuilder`1[[System.Decimal, System.Private.CoreLib, Version=9.0.0.0, Culture=neutral, PublicKeyToken=7cec85d7bea7798e]].Start[[Xunit.Sdk.ExceptionAggregator+&lt;RunAsync&gt;d__10`1[[System.Decimal, System.Private.CoreLib, Version=9.0.0.0, Culture=neutral, PublicKeyToken=7cec85d7bea7798e]], xunit.core, Version=2.9.3.0, Culture=neutral, PublicKeyToken=8d05b1bb7a6fdb6c]](&lt;RunAsync&gt;d__10`1&lt;System.Decimal&gt; ByRef)&#xD;
   at Xunit.Sdk.ExceptionAggregator.RunAsync[[System.Decimal, System.Private.CoreLib, Version=9.0.0.0, Culture=neutral, PublicKeyToken=7cec85d7bea7798e]](System.Func`1&lt;System.Threading.Tasks.Task`1&lt;System.Decimal&gt;&gt;)&#xD;
   at Xunit.Sdk.TestInvoker`1[[System.__Canon, System.Private.CoreLib, Version=9.0.0.0, Culture=neutral, PublicKeyToken=7cec85d7bea7798e]].RunAsync()&#xD;
   at Xunit.Sdk.XunitTestRunner.InvokeTestMethodAsync(Xunit.Sdk.ExceptionAggregator)&#xD;
   at Xunit.Sdk.XunitTestRunner+&lt;InvokeTestAsync&gt;d__4.MoveNext()&#xD;
   at System.Runtime.CompilerServices.AsyncMethodBuilderCore.Start[[Xunit.Sdk.XunitTestRunner+&lt;InvokeTestAsync&gt;d__4, xunit.execution.dotnet, Version=2.9.3.0, Culture=neutral, PublicKeyToken=8d05b1bb7a6fdb6c]](&lt;InvokeTestAsync&gt;d__4 ByRef)&#xD;
   at System.Runtime.CompilerServices.AsyncTaskMethodBuilder`1[[System.__Canon, System.Private.CoreLib, Version=9.0.0.0, Culture=neutral, PublicKeyToken=7cec85d7bea7798e]].Start[[Xunit.Sdk.XunitTestRunner+&lt;InvokeTestAsync&gt;d__4, xunit.execution.dotnet, Version=2.9.3.0, Culture=neutral, PublicKeyToken=8d05b1bb7a6fdb6c]](&lt;InvokeTestAsync&gt;d__4 ByRef)&#xD;
   at Xunit.Sdk.XunitTestRunner.InvokeTestAsync(Xunit.Sdk.ExceptionAggregator)&#xD;
   at Xunit.Sdk.TestRunner`1+&lt;&gt;c__DisplayClass43_0[[System.__Canon, System.Private.CoreLib, Version=9.0.0.0, Culture=neutral, PublicKeyToken=7cec85d7bea7798e]].&lt;RunAsync&gt;b__0()&#xD;
   at Xunit.Sdk.ExceptionAggregator+&lt;RunAsync&gt;d__10`1[[System.__Canon, System.Private.CoreLib, Version=9.0.0.0, Culture=neutral, PublicKeyToken=7cec85d7bea7798e]].MoveNext()&#xD;
   at System.Runtime.CompilerServices.AsyncMethodBuilderCore.Start[[Xunit.Sdk.ExceptionAggregator+&lt;RunAsync&gt;d__10`1[[System.__Canon, System.Private.CoreLib, Version=9.0.0.0, Culture=neutral, PublicKeyToken=7cec85d7bea7798e]], xunit.core, Version=2.9.3.0, Culture=neutral, PublicKeyToken=8d05b1bb7a6fdb6c]](&lt;RunAsync&gt;d__10`1&lt;System.__Canon&gt; ByRef)&#xD;
   at System.Runtime.CompilerServices.AsyncTaskMethodBuilder`1[[System.__Canon, System.Private.CoreLib, Version=9.0.0.0, Culture=neutral, PublicKeyToken=7cec85d7bea7798e]].Start[[Xunit.Sdk.ExceptionAggregator+&lt;RunAsync&gt;d__10`1[[System.__Canon, System.Private.CoreLib, Version=9.0.0.0, Culture=neutral, PublicKeyToken=7cec85d7bea7798e]], xunit.core, Version=2.9.3.0, Culture=neutral, PublicKeyToken=8d05b1bb7a6fdb6c]](&lt;RunAsync&gt;d__10`1&lt;System.__Canon&gt; ByRef)&#xD;
   at Xunit.Sdk.ExceptionAggregator.RunAsync[[System.__Canon, System.Private.CoreLib, Version=9.0.0.0, Culture=neutral, PublicKeyToken=7cec85d7bea7798e]](System.Func`1&lt;System.Threading.Tasks.Task`1&lt;System.__Canon&gt;&gt;)&#xD;
   at Xunit.Sdk.TestRunner`1+&lt;RunAsync&gt;d__43[[System.__Canon, System.Private.CoreLib, Version=9.0.0.0, Culture=neutral, PublicKeyToken=7cec85d7bea7798e]].MoveNext()&#xD;
   at System.Runtime.CompilerServices.AsyncMethodBuilderCore.Start[[Xunit.Sdk.TestRunner`1+&lt;RunAsync&gt;d__43[[System.__Canon, System.Private.CoreLib, Version=9.0.0.0, Culture=neutral, PublicKeyToken=7cec85d7bea7798e]], xunit.execution.dotnet, Version=2.9.3.0, Culture=neutral, PublicKeyToken=8d05b1bb7a6fdb6c]](&lt;RunAsync&gt;d__43&lt;System.__Canon&gt; ByRef)&#xD;
   at System.Runtime.CompilerServices.AsyncTaskMethodBuilder`1[[System.__Canon, System.Private.CoreLib, Version=9.0.0.0, Culture=neutral, PublicKeyToken=7cec85d7bea7798e]].Start[[Xunit.Sdk.TestRunner`1+&lt;RunAsync&gt;d__43[[System.__Canon, System.Private.CoreLib, Version=9.0.0.0, Culture=neutral, PublicKeyToken=7cec85d7bea7798e]], xunit.execution.dotnet, Version=2.9.3.0, Culture=neutral, PublicKeyToken=8d05b1bb7a6fdb6c]](&lt;RunAsync&gt;d__43&lt;System.__Canon&gt; ByRef)&#xD;
   at Xunit.Sdk.TestRunner`1[[System.__Canon, System.Private.CoreLib, Version=9.0.0.0, Culture=neutral, PublicKeyToken=7cec85d7bea7798e]].RunAsync()&#xD;
   at Xunit.Sdk.XunitTestCaseRunner.RunTestAsync()&#xD;
   at Xunit.Sdk.TestCaseRunner`1+&lt;RunAsync&gt;d__19[[System.__Canon, System.Private.CoreLib, Version=9.0.0.0, Culture=neutral, PublicKeyToken=7cec85d7bea7798e]].MoveNext()&#xD;
   at System.Runtime.CompilerServices.AsyncMethodBuilderCore.Start[[Xunit.Sdk.TestCaseRunner`1+&lt;RunAsync&gt;d__19[[System.__Canon, System.Private.CoreLib, Version=9.0.0.0, Culture=neutral, PublicKeyToken=7cec85d7bea7798e]], xunit.execution.dotnet, Version=2.9.3.0, Culture=neutral, PublicKeyToken=8d05b1bb7a6fdb6c]](&lt;RunAsync&gt;d__19&lt;System.__Canon&gt; ByRef)&#xD;
   at System.Runtime.CompilerServices.AsyncTaskMethodBuilder`1[[System.__Canon, System.Private.CoreLib, Version=9.0.0.0, Culture=neutral, PublicKeyToken=7cec85d7bea7798e]].Start[[Xunit.Sdk.TestCaseRunner`1+&lt;RunAsync&gt;d__19[[System.__Canon, System.Private.CoreLib, Version=9.0.0.0, Culture=neutral, PublicKeyToken=7cec85d7bea7798e]], xunit.execution.dotnet, Version=2.9.3.0, Culture=neutral, PublicKeyToken=8d05b1bb7a6fdb6c]](&lt;RunAsync&gt;d__19&lt;System.__Canon&gt; ByRef)&#xD;
   at Xunit.Sdk.TestCaseRunner`1[[System.__Canon, System.Private.CoreLib, Version=9.0.0.0, Culture=neutral, PublicKeyToken=7cec85d7bea7798e]].RunAsync()&#xD;
   at Xunit.Sdk.XunitTestCase.RunAsync(Xunit.Abstractions.IMessageSink, Xunit.Sdk.IMessageBus, System.Object[], Xunit.Sdk.ExceptionAggregator, System.Threading.CancellationTokenSource)&#xD;
   at Xunit.Sdk.XunitTestMethodRunner.RunTestCaseAsync(Xunit.Sdk.IXunitTestCase)&#xD;
   at Xunit.Sdk.TestMethodRunner`1+&lt;RunTestCasesAsync&gt;d__32[[System.__Canon, System.Private.CoreLib, Version=9.0.0.0, Culture=neutral, PublicKeyToken=7cec85d7bea7798e]].MoveNext()&#xD;
   at System.Runtime.CompilerServices.AsyncMethodBuilderCore.Start[[Xunit.Sdk.TestMethodRunner`1+&lt;RunTestCasesAsync&gt;d__32[[System.__Canon, System.Private.CoreLib, Version=9.0.0.0, Culture=neutral, PublicKeyToken=7cec85d7bea7798e]], xunit.execution.dotnet, Version=2.9.3.0, Culture=neutral, PublicKeyToken=8d05b1bb7a6fdb6c]](&lt;RunTestCasesAsync&gt;d__32&lt;System.__Canon&gt; ByRef)&#xD;
   at System.Runtime.CompilerServices.AsyncTaskMethodBuilder`1[[System.__Canon, System.Private.CoreLib, Version=9.0.0.0, Culture=neutral, PublicKeyToken=7cec85d7bea7798e]].Start[[Xunit.Sdk.TestMethodRunner`1+&lt;RunTestCasesAsync&gt;d__32[[System.__Canon, System.Private.CoreLib, Version=9.0.0.0, Culture=neutral, PublicKeyToken=7cec85d7bea7798e]], xunit.execution.dotnet, Version=2.9.3.0, Culture=neutral, PublicKeyToken=8d05b1bb7a6fdb6c]](&lt;RunTestCasesAsync&gt;d__32&lt;System.__Canon&gt; ByRef)&#xD;
   at Xunit.Sdk.TestMethodRunner`1[[System.__Canon, System.Private.CoreLib, Version=9.0.0.0, Culture=neutral, PublicKeyToken=7cec85d7bea7798e]].RunTestCasesAsync()&#xD;
   at Xunit.Sdk.TestMethodRunner`1+&lt;RunAsync&gt;d__31[[System.__Canon, System.Private.CoreLib, Version=9.0.0.0, Culture=neutral, PublicKeyToken=7cec85d7bea7798e]].MoveNext()&#xD;
   at System.Runtime.CompilerServices.AsyncMethodBuilderCore.Start[[Xunit.Sdk.TestMethodRunner`1+&lt;RunAsync&gt;d__31[[System.__Canon, System.Private.CoreLib, Version=9.0.0.0, Culture=neutral, PublicKeyToken=7cec85d7bea7798e]], xunit.execution.dotnet, Version=2.9.3.0, Culture=neutral, PublicKeyToken=8d05b1bb7a6fdb6c]](&lt;RunAsync&gt;d__31&lt;System.__Canon&gt; ByRef)&#xD;
   at System.Runtime.CompilerServices.AsyncTaskMethodBuilder`1[[System.__Canon, System.Private.CoreLib, Version=9.0.0.0, Culture=neutral, PublicKeyToken=7cec85d7bea7798e]].Start[[Xunit.Sdk.TestMethodRunner`1+&lt;RunAsync&gt;d__31[[System.__Canon, System.Private.CoreLib, Version=9.0.0.0, Culture=neutral, PublicKeyToken=7cec85d7bea7798e]], xunit.execution.dotnet, Version=2.9.3.0, Culture=neutral, PublicKeyToken=8d05b1bb7a6fdb6c]](&lt;RunAsync&gt;d__31&lt;System.__Canon&gt; ByRef)&#xD;
   at Xunit.Sdk.TestMethodRunner`1[[System.__Canon, System.Private.CoreLib, Version=9.0.0.0, Culture=neutral, PublicKeyToken=7cec85d7bea7798e]].RunAsync()&#xD;
   at Xunit.Sdk.XunitTestClassRunner.RunTestMethodAsync(Xunit.Abstractions.ITestMethod, Xunit.Abstractions.IReflectionMethodInfo, System.Collections.Generic.IEnumerable`1&lt;Xunit.Sdk.IXunitTestCase&gt;, System.Object[])&#xD;
   at Xunit.Sdk.TestClassRunner`1+&lt;RunTestMethodsAsync&gt;d__38[[System.__Canon, System.Private.CoreLib, Version=9.0.0.0, Culture=neutral, PublicKeyToken=7cec85d7bea7798e]].MoveNext()&#xD;
   at System.Runtime.CompilerServices.AsyncMethodBuilderCore.Start[[Xunit.Sdk.TestClassRunner`1+&lt;RunTestMethodsAsync&gt;d__38[[System.__Canon, System.Private.CoreLib, Version=9.0.0.0, Culture=neutral, PublicKeyToken=7cec85d7bea7798e]], xunit.execution.dotnet, Version=2.9.3.0, Culture=neutral, PublicKeyToken=8d05b1bb7a6fdb6c]](&lt;RunTestMethodsAsync&gt;d__38&lt;System.__Canon&gt; ByRef)&#xD;
   at System.Runtime.CompilerServices.AsyncTaskMethodBuilder`1[[System.__Canon, System.Private.CoreLib, Version=9.0.0.0, Culture=neutral, PublicKeyToken=7cec85d7bea7798e]].Start[[Xunit.Sdk.TestClassRunner`1+&lt;RunTestMethodsAsync&gt;d__38[[System.__Canon, System.Private.CoreLib, Version=9.0.0.0, Culture=neutral, PublicKeyToken=7cec85d7bea7798e]], xunit.execution.dotnet, Version=2.9.3.0, Culture=neutral, PublicKeyToken=8d05b1bb7a6fdb6c]](&lt;RunTestMethodsAsync&gt;d__38&lt;System.__Canon&gt; ByRef)&#xD;
   at Xunit.Sdk.TestClassRunner`1[[System.__Canon, System.Private.CoreLib, Version=9.0.0.0, Culture=neutral, PublicKeyToken=7cec85d7bea7798e]].RunTestMethodsAsync()&#xD;
   at Xunit.Sdk.TestClassRunner`1+&lt;RunAsync&gt;d__37[[System.__Canon, System.Private.CoreLib, Version=9.0.0.0, Culture=neutral, PublicKeyToken=7cec85d7bea7798e]].MoveNext()&#xD;
   at System.Runtime.CompilerServices.AsyncMethodBuilderCore.Start[[Xunit.Sdk.TestClassRunner`1+&lt;RunAsync&gt;d__37[[System.__Canon, System.Private.CoreLib, Version=9.0.0.0, Culture=neutral, PublicKeyToken=7cec85d7bea7798e]], xunit.execution.dotnet, Version=2.9.3.0, Culture=neutral, PublicKeyToken=8d05b1bb7a6fdb6c]](&lt;RunAsync&gt;d__37&lt;System.__Canon&gt; ByRef)&#xD;
   at System.Runtime.CompilerServices.AsyncTaskMethodBuilder`1[[System.__Canon, System.Private.CoreLib, Version=9.0.0.0, Culture=neutral, PublicKeyToken=7cec85d7bea7798e]].Start[[Xunit.Sdk.TestClassRunner`1+&lt;RunAsync&gt;d__37[[System.__Canon, System.Private.CoreLib, Version=9.0.0.0, Culture=neutral, PublicKeyToken=7cec85d7bea7798e]], xunit.execution.dotnet, Version=2.9.3.0, Culture=neutral, PublicKeyToken=8d05b1bb7a6fdb6c]](&lt;RunAsync&gt;d__37&lt;System.__Canon&gt; ByRef)&#xD;
   at Xunit.Sdk.TestClassRunner`1[[System.__Canon, System.Private.CoreLib, Version=9.0.0.0, Culture=neutral, PublicKeyToken=7cec85d7bea7798e]].RunAsync()&#xD;
   at Xunit.Sdk.XunitTestCollectionRunner.RunTestClassAsync(Xunit.Abstractions.ITestClass, Xunit.Abstractions.IReflectionTypeInfo, System.Collections.Generic.IEnumerable`1&lt;Xunit.Sdk.IXunitTestCase&gt;)&#xD;
   at Xunit.Sdk.TestCollectionRunner`1+&lt;RunTestClassesAsync&gt;d__28[[System.__Canon, System.Private.CoreLib, Version=9.0.0.0, Culture=neutral, PublicKeyToken=7cec85d7bea7798e]].MoveNext()&#xD;
   at System.Runtime.CompilerServices.AsyncMethodBuilderCore.Start[[Xunit.Sdk.TestCollectionRunner`1+&lt;RunTestClassesAsync&gt;d__28[[System.__Canon, System.Private.CoreLib, Version=9.0.0.0, Culture=neutral, PublicKeyToken=7cec85d7bea7798e]], xunit.execution.dotnet, Version=2.9.3.0, Culture=neutral, PublicKeyToken=8d05b1bb7a6fdb6c]](&lt;RunTestClassesAsync&gt;d__28&lt;System.__Canon&gt; ByRef)&#xD;
   at System.Runtime.CompilerServices.AsyncTaskMethodBuilder`1[[System.__Canon, System.Private.CoreLib, Version=9.0.0.0, Culture=neutral, PublicKeyToken=7cec85d7bea7798e]].Start[[Xunit.Sdk.TestCollectionRunner`1+&lt;RunTestClassesAsync&gt;d__28[[System.__Canon, System.Private.CoreLib, Version=9.0.0.0, Culture=neutral, PublicKeyToken=7cec85d7bea7798e]], xunit.execution.dotnet, Version=2.9.3.0, Culture=neutral, PublicKeyToken=8d05b1bb7a6fdb6c]](&lt;RunTestClassesAsync&gt;d__28&lt;System.__Canon&gt; ByRef)&#xD;
   at Xunit.Sdk.TestCollectionRunner`1[[System.__Canon, System.Private.CoreLib, Version=9.0.0.0, Culture=neutral, PublicKeyToken=7cec85d7bea7798e]].RunTestClassesAsync()&#xD;
   at Xunit.Sdk.TestCollectionRunner`1+&lt;RunAsync&gt;d__27[[System.__Canon, System.Private.CoreLib, Version=9.0.0.0, Culture=neutral, PublicKeyToken=7cec85d7bea7798e]].MoveNext()&#xD;
   at System.Runtime.CompilerServices.AsyncMethodBuilderCore.Start[[Xunit.Sdk.TestCollectionRunner`1+&lt;RunAsync&gt;d__27[[System.__Canon, System.Private.CoreLib, Version=9.0.0.0, Culture=neutral, PublicKeyToken=7cec85d7bea7798e]], xunit.execution.dotnet, Version=2.9.3.0, Culture=neutral, PublicKeyToken=8d05b1bb7a6fdb6c]](&lt;RunAsync&gt;d__27&lt;System.__Canon&gt; ByRef)&#xD;
   at System.Runtime.CompilerServices.AsyncTaskMethodBuilder`1[[System.__Canon, System.Private.CoreLib, Version=9.0.0.0, Culture=neutral, PublicKeyToken=7cec85d7bea7798e]].Start[[Xunit.Sdk.TestCollectionRunner`1+&lt;RunAsync&gt;d__27[[System.__Canon, System.Private.CoreLib, Version=9.0.0.0, Culture=neutral, PublicKeyToken=7cec85d7bea7798e]], xunit.execution.dotnet, Version=2.9.3.0, Culture=neutral, PublicKeyToken=8d05b1bb7a6fdb6c]](&lt;RunAsync&gt;d__27&lt;System.__Canon&gt; ByRef)&#xD;
   at Xunit.Sdk.TestCollectionRunner`1[[System.__Canon, System.Private.CoreLib, Version=9.0.0.0, Culture=neutral, PublicKeyToken=7cec85d7bea7798e]].RunAsync()&#xD;
   at Xunit.Sdk.XunitTestAssemblyRunner+&lt;RunTestCollectionAsync&gt;d__18.MoveNext()&#xD;
   at System.Runtime.CompilerServices.AsyncMethodBuilderCore.Start[[Xunit.Sdk.XunitTestAssemblyRunner+&lt;RunTestCollectionAsync&gt;d__18, xunit.execution.dotnet, Version=2.9.3.0, Culture=neutral, PublicKeyToken=8d05b1bb7a6fdb6c]](&lt;RunTestCollectionAsync&gt;d__18 ByRef)&#xD;
   at System.Runtime.CompilerServices.AsyncTaskMethodBuilder`1[[System.__Canon, System.Private.CoreLib, Version=9.0.0.0, Culture=neutral, PublicKeyToken=7cec85d7bea7798e]].Start[[Xunit.Sdk.XunitTestAssemblyRunner+&lt;RunTestCollectionAsync&gt;d__18, xunit.execution.dotnet, Version=2.9.3.0, Culture=neutral, PublicKeyToken=8d05b1bb7a6fdb6c]](&lt;RunTestCollectionAsync&gt;d__18 ByRef)&#xD;
   at Xunit.Sdk.XunitTestAssemblyRunner.RunTestCollectionAsync(Xunit.Sdk.IMessageBus, Xunit.Abstractions.ITestCollection, System.Collections.Generic.IEnumerable`1&lt;Xunit.Sdk.IXunitTestCase&gt;, System.Threading.CancellationTokenSource)&#xD;
   at Xunit.Sdk.XunitTestAssemblyRunner+&lt;&gt;c__DisplayClass16_2.&lt;RunTestCollectionsAsync&gt;b__2()&#xD;
   at System.Threading.Tasks.Task`1[[System.__Canon, System.Private.CoreLib, Version=9.0.0.0, Culture=neutral, PublicKeyToken=7cec85d7bea7798e]].InnerInvoke()&#xD;
   at System.Threading.ExecutionContext.RunFromThreadPoolDispatchLoop(System.Threading.Thread, System.Threading.ExecutionContext, System.Threading.ContextCallback, System.Object)&#xD;
   at System.Threading.Tasks.Task.ExecuteWithThreadLocal(System.Threading.Tasks.Task ByRef, System.Threading.Thread)&#xD;
   at System.Threading.ThreadPoolWorkQueue.Dispatch()&#xD;
   at System.Threading.PortableThreadPool+WorkerThread.WorkerThreadStart()&#xD;
</StdOut>
    </Output>
    <RunInfos>
      <RunInfo computerName="MSI" outcome="Error" timestamp="2026-06-10T06:22:48.6243839-07:00">
        <Text>The active test run was aborted. Reason: Test host process crashed : Stack overflow.&#xD;
Repeated 16029 times:&#xD;
--------------------------------&#xD;
   at ScholarAlign.Tests.Controllers.ApplicationsControllerTests.MakeController(ScholarAlign.Data.ApplicationDbContext)&#xD;
--------------------------------&#xD;
   at ScholarAlign.Tests.Controllers.ApplicationsControllerTests+&lt;AdminCreate_SetsAuditFieldsAndReturnsSummary&gt;d__5.MoveNext()&#xD;
   at System.Runtime.CompilerServices.AsyncMethodBuilderCore.Start[[System.__Canon, System.Private.CoreLib, Version=9.0.0.0, Culture=neutral, PublicKeyToken=7cec85d7bea7798e]](System.__Canon ByRef)&#xD;
   at ScholarAlign.Tests.Controllers.ApplicationsControllerTests.AdminCreate_SetsAuditFieldsAndReturnsSummary()&#xD;
   at System.RuntimeMethodHandle.InvokeMethod(System.Object, Void**, System.Signature, Boolean)&#xD;
   at System.Reflection.MethodBaseInvoker.InvokeWithNoArgs(System.Object, System.Reflection.BindingFlags)&#xD;
   at System.Reflection.RuntimeMethodInfo.Invoke(System.Object, System.Reflection.BindingFlags, System.Reflection.Binder, System.Object[], System.Globalization.CultureInfo)&#xD;
   at System.Reflection.MethodBase.Invoke(System.Object, System.Object[])&#xD;
   at Xunit.Sdk.TestInvoker`1[[System.__Canon, System.Private.CoreLib, Version=9.0.0.0, Culture=neutral, PublicKeyToken=7cec85d7bea7798e]].CallTestMethod(System.Object)&#xD;
   at Xunit.Sdk.TestInvoker`1+&lt;&gt;c__DisplayClass47_0+&lt;&lt;InvokeTestMethodAsync&gt;b__1&gt;d[[System.__Canon, System.Private.CoreLib, Version=9.0.0.0, Culture=neutral, PublicKeyToken=7cec85d7bea7798e]].MoveNext()&#xD;
   at System.Runtime.CompilerServices.AsyncMethodBuilderCore.Start[[Xunit.Sdk.TestInvoker`1+&lt;&gt;c__DisplayClass47_0+&lt;&lt;InvokeTestMethodAsync&gt;b__1&gt;d[[System.__Canon, System.Private.CoreLib, Version=9.0.0.0, Culture=neutral, PublicKeyToken=7cec85d7bea7798e]], xunit.execution.dotnet, Version=2.9.3.0, Culture=neutral, PublicKeyToken=8d05b1bb7a6fdb6c]](&lt;&lt;InvokeTestMethodAsync&gt;b__1&gt;d&lt;System.__Canon&gt; ByRef)&#xD;
   at System.Runtime.CompilerServices.AsyncTaskMethodBuilder.Start[[Xunit.Sdk.TestInvoker`1+&lt;&gt;c__DisplayClass47_0+&lt;&lt;InvokeTestMethodAsync&gt;b__1&gt;d[[System.__Canon, System.Private.CoreLib, Version=9.0.0.0, Culture=neutral, PublicKeyToken=7cec85d7bea7798e]], xunit.execution.dotnet, Version=2.9.3.0, Culture=neutral, PublicKeyToken=8d05b1bb7a6fdb6c]](&lt;&lt;InvokeTestMethodAsync&gt;b__1&gt;d&lt;System.__Canon&gt; ByRef)&#xD;
   at Xunit.Sdk.TestInvoker`1+&lt;&gt;c__DisplayClass47_0[[System.__Canon, System.Private.CoreLib, Version=9.0.0.0, Culture=neutral, PublicKeyToken=7cec85d7bea7798e]].&lt;InvokeTestMethodAsync&gt;b__1()&#xD;
   at Xunit.Sdk.ExecutionTimer+&lt;AggregateAsync&gt;d__4.MoveNext()&#xD;
   at System.Runtime.CompilerServices.AsyncMethodBuilderCore.Start[[Xunit.Sdk.ExecutionTimer+&lt;AggregateAsync&gt;d__4, xunit.execution.dotnet, Version=2.9.3.0, Culture=neutral, PublicKeyToken=8d05b1bb7a6fdb6c]](&lt;AggregateAsync&gt;d__4 ByRef)&#xD;
   at System.Runtime.CompilerServices.AsyncTaskMethodBuilder.Start[[Xunit.Sdk.ExecutionTimer+&lt;AggregateAsync&gt;d__4, xunit.execution.dotnet, Version=2.9.3.0, Culture=neutral, PublicKeyToken=8d05b1bb7a6fdb6c]](&lt;AggregateAsync&gt;d__4 ByRef)&#xD;
   at Xunit.Sdk.ExecutionTimer.AggregateAsync(System.Func`1&lt;System.Threading.Tasks.Task&gt;)&#xD;
   at Xunit.Sdk.TestInvoker`1+&lt;&gt;c__DisplayClass47_0[[System.__Canon, System.Private.CoreLib, Version=9.0.0.0, Culture=neutral, PublicKeyToken=7cec85d7bea7798e]].&lt;InvokeTestMethodAsync&gt;b__0()&#xD;
   at Xunit.Sdk.ExceptionAggregator+&lt;RunAsync&gt;d__9.MoveNext()&#xD;
   at System.Runtime.CompilerServices.AsyncMethodBuilderCore.Start[[Xunit.Sdk.ExceptionAggregator+&lt;RunAsync&gt;d__9, xunit.core, Version=2.9.3.0, Culture=neutral, PublicKeyToken=8d05b1bb7a6fdb6c]](&lt;RunAsync&gt;d__9 ByRef)&#xD;
   at System.Runtime.CompilerServices.AsyncTaskMethodBuilder.Start[[Xunit.Sdk.ExceptionAggregator+&lt;RunAsync&gt;d__9, xunit.core, Version=2.9.3.0, Culture=neutral, PublicKeyToken=8d05b1bb7a6fdb6c]](&lt;RunAsync&gt;d__9 ByRef)&#xD;
   at Xunit.Sdk.ExceptionAggregator.RunAsync(System.Func`1&lt;System.Threading.Tasks.Task&gt;)&#xD;
   at Xunit.Sdk.TestInvoker`1+&lt;InvokeTestMethodAsync&gt;d__47[[System.__Canon, System.Private.CoreLib, Version=9.0.0.0, Culture=neutral, PublicKeyToken=7cec85d7bea7798e]].MoveNext()&#xD;
   at System.Runtime.CompilerServices.AsyncMethodBuilderCore.Start[[Xunit.Sdk.TestInvoker`1+&lt;InvokeTestMethodAsync&gt;d__47[[System.__Canon, System.Private.CoreLib, Version=9.0.0.0, Culture=neutral, PublicKeyToken=7cec85d7bea7798e]], xunit.execution.dotnet, Version=2.9.3.0, Culture=neutral, PublicKeyToken=8d05b1bb7a6fdb6c]](&lt;InvokeTestMethodAsync&gt;d__47&lt;System.__Canon&gt; ByRef)&#xD;
   at System.Runtime.CompilerServices.AsyncTaskMethodBuilder`1[[System.Decimal, System.Private.CoreLib, Version=9.0.0.0, Culture=neutral, PublicKeyToken=7cec85d7bea7798e]].Start[[Xunit.Sdk.TestInvoker`1+&lt;InvokeTestMethodAsync&gt;d__47[[System.__Canon, System.Private.CoreLib, Version=9.0.0.0, Culture=neutral, PublicKeyToken=7cec85d7bea7798e]], xunit.execution.dotnet, Version=2.9.3.0, Culture=neutral, PublicKeyToken=8d05b1bb7a6fdb6c]](&lt;InvokeTestMethodAsync&gt;d__47&lt;System.__Canon&gt; ByRef)&#xD;
   at Xunit.Sdk.TestInvoker`1[[System.__Canon, System.Private.CoreLib, Version=9.0.0.0, Culture=neutral, PublicKeyToken=7cec85d7bea7798e]].InvokeTestMethodAsync(System.Object)&#xD;
   at Xunit.Sdk.XunitTestInvoker.InvokeTestMethodAsync(System.Object)&#xD;
   at Xunit.Sdk.TestInvoker`1+&lt;&lt;RunAsync&gt;b__46_0&gt;d[[System.__Canon, System.Private.CoreLib, Version=9.0.0.0, Culture=neutral, PublicKeyToken=7cec85d7bea7798e]].MoveNext()&#xD;
   at System.Runtime.CompilerServices.AsyncMethodBuilderCore.Start[[Xunit.Sdk.TestInvoker`1+&lt;&lt;RunAsync&gt;b__46_0&gt;d[[System.__Canon, System.Private.CoreLib, Version=9.0.0.0, Culture=neutral, PublicKeyToken=7cec85d7bea7798e]], xunit.execution.dotnet, Version=2.9.3.0, Culture=neutral, PublicKeyToken=8d05b1bb7a6fdb6c]](&lt;&lt;RunAsync&gt;b__46_0&gt;d&lt;System.__Canon&gt; ByRef)&#xD;
   at System.Runtime.CompilerServices.AsyncTaskMethodBuilder`1[[System.Decimal, System.Private.CoreLib, Version=9.0.0.0, Culture=neutral, PublicKeyToken=7cec85d7bea7798e]].Start[[Xunit.Sdk.TestInvoker`1+&lt;&lt;RunAsync&gt;b__46_0&gt;d[[System.__Canon, System.Private.CoreLib, Version=9.0.0.0, Culture=neutral, PublicKeyToken=7cec85d7bea7798e]], xunit.execution.dotnet, Version=2.9.3.0, Culture=neutral, PublicKeyToken=8d05b1bb7a6fdb6c]](&lt;&lt;RunAsync&gt;b__46_0&gt;d&lt;System.__Canon&gt; ByRef)&#xD;
   at Xunit.Sdk.TestInvoker`1[[System.__Canon, System.Private.CoreLib, Version=9.0.0.0, Culture=neutral, PublicKeyToken=7cec85d7bea7798e]].&lt;RunAsync&gt;b__46_0()&#xD;
   at Xunit.Sdk.ExceptionAggregator+&lt;RunAsync&gt;d__10`1[[System.Decimal, System.Private.CoreLib, Version=9.0.0.0, Culture=neutral, PublicKeyToken=7cec85d7bea7798e]].MoveNext()&#xD;
   at System.Runtime.CompilerServices.AsyncMethodBuilderCore.Start[[Xunit.Sdk.ExceptionAggregator+&lt;RunAsync&gt;d__10`1[[System.Decimal, System.Private.CoreLib, Version=9.0.0.0, Culture=neutral, PublicKeyToken=7cec85d7bea7798e]], xunit.core, Version=2.9.3.0, Culture=neutral, PublicKeyToken=8d05b1bb7a6fdb6c]](&lt;RunAsync&gt;d__10`1&lt;System.Decimal&gt; ByRef)&#xD;
   at System.Runtime.CompilerServices.AsyncTaskMethodBuilder`1[[System.Decimal, System.Private.CoreLib, Version=9.0.0.0, Culture=neutral, PublicKeyToken=7cec85d7bea7798e]].Start[[Xunit.Sdk.ExceptionAggregator+&lt;RunAsync&gt;d__10`1[[System.Decimal, System.Private.CoreLib, Version=9.0.0.0, Culture=neutral, PublicKeyToken=7cec85d7bea7798e]], xunit.core, Version=2.9.3.0, Culture=neutral, PublicKeyToken=8d05b1bb7a6fdb6c]](&lt;RunAsync&gt;d__10`1&lt;System.Decimal&gt; ByRef)&#xD;
   at Xunit.Sdk.ExceptionAggregator.RunAsync[[System.Decimal, System.Private.CoreLib, Version=9.0.0.0, Culture=neutral, PublicKeyToken=7cec85d7bea7798e]](System.Func`1&lt;System.Threading.Tasks.Task`1&lt;System.Decimal&gt;&gt;)&#xD;
   at Xunit.Sdk.TestInvoker`1[[System.__Canon, System.Private.CoreLib, Version=9.0.0.0, Culture=neutral, PublicKeyToken=7cec85d7bea7798e]].RunAsync()&#xD;
   at Xunit.Sdk.XunitTestRunner.InvokeTestMethodAsync(Xunit.Sdk.ExceptionAggregator)&#xD;
   at Xunit.Sdk.XunitTestRunner+&lt;InvokeTestAsync&gt;d__4.MoveNext()&#xD;
   at System.Runtime.CompilerServices.AsyncMethodBuilderCore.Start[[Xunit.Sdk.XunitTestRunner+&lt;InvokeTestAsync&gt;d__4, xunit.execution.dotnet, Version=2.9.3.0, Culture=neutral, PublicKeyToken=8d05b1bb7a6fdb6c]](&lt;InvokeTestAsync&gt;d__4 ByRef)&#xD;
   at System.Runtime.CompilerServices.AsyncTaskMethodBuilder`1[[System.__Canon, System.Private.Core</Text>
      </RunInfo>
    </RunInfos>
  </ResultSummary>
</TestRun>